<?xml version="1.0" encoding="UTF-8"?>
<testng-results ignored="0" total="6" passed="6" failed="0" skipped="0">
  <reporter-output>
  </reporter-output>
  <suite started-at="2023-11-02T00:06:28 EET" name="org.example.testRunner.TestRunner" finished-at="2023-11-02T00:08:28 EET" duration-ms="119151">
    <groups>
      <group name="cucumber">
        <method signature="AbstractTestNGCucumberTests.runScenario(io.cucumber.testng.PickleWrapper,io.cucumber.testng.FeatureWrapper)[pri:0, instance:org.example.testRunner.TestRunner@2928854b]" name="runScenario" class="io.cucumber.testng.AbstractTestNGCucumberTests"/>
      </group> <!-- cucumber -->
    </groups>
    <test started-at="2023-11-02T00:06:28 EET" name="Command line test" finished-at="2023-11-02T00:08:28 EET" duration-ms="119151">
      <class name="org.example.testRunner.TestRunner">
        <test-method is-config="true" signature="setUpClass(org.testng.ITestContext)[pri:0, instance:org.example.testRunner.TestRunner@2928854b]" started-at="2023-11-02T00:06:29 EET" name="setUpClass" finished-at="2023-11-02T00:06:29 EET" duration-ms="548" status="PASS">
          <params>
            <param index="0">
              <value>
                <![CDATA[org.testng.TestRunner@46a8c2b4]]>
              </value>
            </param>
          </params>
          <reporter-output>
          </reporter-output>
        </test-method> <!-- setUpClass -->
        <test-method signature="runScenario(io.cucumber.testng.PickleWrapper,io.cucumber.testng.FeatureWrapper)[pri:0, instance:org.example.testRunner.TestRunner@2928854b]" started-at="2023-11-02T00:06:29 EET" name="runScenario" description="Runs Cucumber Scenarios" data-provider="scenarios" finished-at="2023-11-02T00:07:32 EET" duration-ms="62622" status="PASS">
          <params>
            <param index="0">
              <value>
                <![CDATA["user going to home"]]>
              </value>
            </param>
            <param index="1">
              <value>
                <![CDATA["F01_Home | user go to home page to show what about Swipy"]]>
              </value>
            </param>
          </params>
          <reporter-output>
          </reporter-output>
        </test-method> <!-- runScenario -->
        <test-method signature="runScenario(io.cucumber.testng.PickleWrapper,io.cucumber.testng.FeatureWrapper)[pri:0, instance:org.example.testRunner.TestRunner@2928854b]" started-at="2023-11-02T00:07:32 EET" name="runScenario" description="Runs Cucumber Scenarios" data-provider="scenarios" finished-at="2023-11-02T00:07:44 EET" duration-ms="12102" status="PASS">
          <params>
            <param index="0">
              <value>
                <![CDATA["user opens whatsapp link"]]>
              </value>
            </param>
            <param index="1">
              <value>
                <![CDATA["F01_Home | user go to home page to show what about Swipy"]]>
              </value>
            </param>
          </params>
          <reporter-output>
          </reporter-output>
        </test-method> <!-- runScenario -->
        <test-method signature="runScenario(io.cucumber.testng.PickleWrapper,io.cucumber.testng.FeatureWrapper)[pri:0, instance:org.example.testRunner.TestRunner@2928854b]" started-at="2023-11-02T00:07:44 EET" name="runScenario" description="Runs Cucumber Scenarios" data-provider="scenarios" finished-at="2023-11-02T00:07:54 EET" duration-ms="10545" status="PASS">
          <params>
            <param index="0">
              <value>
                <![CDATA["user opens facebook link"]]>
              </value>
            </param>
            <param index="1">
              <value>
                <![CDATA["F01_Home | user go to home page to show what about Swipy"]]>
              </value>
            </param>
          </params>
          <reporter-output>
          </reporter-output>
        </test-method> <!-- runScenario -->
        <test-method signature="runScenario(io.cucumber.testng.PickleWrapper,io.cucumber.testng.FeatureWrapper)[pri:0, instance:org.example.testRunner.TestRunner@2928854b]" started-at="2023-11-02T00:07:54 EET" name="runScenario" description="Runs Cucumber Scenarios" data-provider="scenarios" finished-at="2023-11-02T00:08:05 EET" duration-ms="10361" status="PASS">
          <params>
            <param index="0">
              <value>
                <![CDATA["user opens instagram link"]]>
              </value>
            </param>
            <param index="1">
              <value>
                <![CDATA["F01_Home | user go to home page to show what about Swipy"]]>
              </value>
            </param>
          </params>
          <reporter-output>
          </reporter-output>
        </test-method> <!-- runScenario -->
        <test-method signature="runScenario(io.cucumber.testng.PickleWrapper,io.cucumber.testng.FeatureWrapper)[pri:0, instance:org.example.testRunner.TestRunner@2928854b]" started-at="2023-11-02T00:08:05 EET" name="runScenario" description="Runs Cucumber Scenarios" data-provider="scenarios" finished-at="2023-11-02T00:08:15 EET" duration-ms="10613" status="PASS">
          <params>
            <param index="0">
              <value>
                <![CDATA["user opens linkedin link"]]>
              </value>
            </param>
            <param index="1">
              <value>
                <![CDATA["F01_Home | user go to home page to show what about Swipy"]]>
              </value>
            </param>
          </params>
          <reporter-output>
          </reporter-output>
        </test-method> <!-- runScenario -->
        <test-method signature="runScenario(io.cucumber.testng.PickleWrapper,io.cucumber.testng.FeatureWrapper)[pri:0, instance:org.example.testRunner.TestRunner@2928854b]" started-at="2023-11-02T00:08:15 EET" name="runScenario" description="Runs Cucumber Scenarios" data-provider="scenarios" finished-at="2023-11-02T00:08:27 EET" duration-ms="11873" status="PASS">
          <params>
            <param index="0">
              <value>
                <![CDATA["user opens twitter link"]]>
              </value>
            </param>
            <param index="1">
              <value>
                <![CDATA["F01_Home | user go to home page to show what about Swipy"]]>
              </value>
            </param>
          </params>
          <reporter-output>
          </reporter-output>
        </test-method> <!-- runScenario -->
        <test-method is-config="true" signature="tearDownClass()[pri:0, instance:org.example.testRunner.TestRunner@2928854b]" started-at="2023-11-02T00:08:27 EET" name="tearDownClass" finished-at="2023-11-02T00:08:28 EET" duration-ms="438" status="PASS">
          <reporter-output>
          </reporter-output>
        </test-method> <!-- tearDownClass -->
      </class> <!-- org.example.testRunner.TestRunner -->
    </test> <!-- Command line test -->
  </suite> <!-- org.example.testRunner.TestRunner -->
</testng-results>
